<?xml version="1.0" encoding="UTF-8"?>
<robot generator="Robot 5.0.1 (Python 3.10.4 on linux)" generated="20220713 20:10:00.724" rpa="false" schemaversion="3">
<suite id="s1" name="SearchFlight" source="/home/cecep/Developments/dojobox/FlightAppMobile/test_suites/SearchFlight.robot">
<kw name="Open App" library="base" type="SETUP">
<kw name="Open Application" library="AppiumLibrary">
<arg>${URL}</arg>
<arg>platformName=${PLATFORM}</arg>
<arg>platformVersion=${PLATFORM_VERSION}</arg>
<arg>deviceName=${DEVICE}</arg>
<arg>automationName=UiAutomator2</arg>
<arg>newCommandTimeOut=2500</arg>
<arg>appActivity=${ACTIVITY}</arg>
<arg>appPackage=${PACKAGE}</arg>
<doc>Opens a new application to given Appium server.
Capabilities of appium server, Android and iOS,
Please check https://github.com/appium/appium/blob/master/docs/en/writing-running-appium/server-args.md
| *Option*            | *Man.* | *Description*     |
| remote_url          | Yes    | Appium server url |
| alias               | no     | alias             |</doc>
<status status="PASS" starttime="20220713 20:10:00.922" endtime="20220713 20:10:12.185"/>
</kw>
<status status="PASS" starttime="20220713 20:10:00.921" endtime="20220713 20:10:12.186"/>
</kw>
<test id="s1-t1" name="User Should Be Able Search Flight Number" line="10">
<kw name="User login" library="search_keywords">
<kw name="Verify Sign In Button Appears" library="signin_keywords">
<kw name="Wait Until Element Is Visible" library="AppiumLibrary">
<arg>locator=${sign_in_btn}</arg>
<doc>Waits until element specified with `locator` is visible.</doc>
<status status="PASS" starttime="20220713 20:10:12.194" endtime="20220713 20:10:12.479"/>
</kw>
<status status="PASS" starttime="20220713 20:10:12.193" endtime="20220713 20:10:12.479"/>
</kw>
<kw name="Tap Sign In Button" library="signin_keywords">
<kw name="Tap" library="AppiumLibrary">
<arg>locator=${sign_in_btn}</arg>
<doc>Tap element identified by ``locator``. </doc>
<status status="PASS" starttime="20220713 20:10:12.480" endtime="20220713 20:10:13.264"/>
</kw>
<status status="PASS" starttime="20220713 20:10:12.479" endtime="20220713 20:10:13.264"/>
</kw>
<kw name="Verify Input Username Appears" library="signin_keywords">
<kw name="Wait Until Element Is Visible" library="AppiumLibrary">
<arg>locator=${input_username}</arg>
<doc>Waits until element specified with `locator` is visible.</doc>
<status status="PASS" starttime="20220713 20:10:13.265" endtime="20220713 20:10:14.311"/>
</kw>
<status status="PASS" starttime="20220713 20:10:13.265" endtime="20220713 20:10:14.312"/>
</kw>
<kw name="Input Username" library="signin_keywords">
<arg>support@ngendigital.com</arg>
<kw name="Input Text" library="AppiumLibrary">
<arg>locator=${input_username}</arg>
<arg>text=${username}</arg>
<doc>Types the given `text` into text field identified by `locator`.</doc>
<msg timestamp="20220713 20:10:14.319" level="INFO">Typing text 'support@ngendigital.com' into text field 'id=com.example.myapplication:id/username'</msg>
<status status="PASS" starttime="20220713 20:10:14.313" endtime="20220713 20:10:14.500"/>
</kw>
<status status="PASS" starttime="20220713 20:10:14.312" endtime="20220713 20:10:14.500"/>
</kw>
<kw name="Verify Input Password Appears" library="signin_keywords">
<kw name="Wait Until Element Is Visible" library="AppiumLibrary">
<arg>locator=${input_password}</arg>
<doc>Waits until element specified with `locator` is visible.</doc>
<status status="PASS" starttime="20220713 20:10:14.501" endtime="20220713 20:10:15.027"/>
</kw>
<status status="PASS" starttime="20220713 20:10:14.501" endtime="20220713 20:10:15.027"/>
</kw>
<kw name="Input Password" library="signin_keywords">
<arg>abc123</arg>
<kw name="Input Text" library="AppiumLibrary">
<arg>locator=${input_password}</arg>
<arg>text=${password}</arg>
<doc>Types the given `text` into text field identified by `locator`.</doc>
<msg timestamp="20220713 20:10:15.038" level="INFO">Typing text 'abc123' into text field 'id=com.example.myapplication:id/password'</msg>
<status status="PASS" starttime="20220713 20:10:15.032" endtime="20220713 20:10:15.156"/>
</kw>
<status status="PASS" starttime="20220713 20:10:15.031" endtime="20220713 20:10:15.156"/>
</kw>
<kw name="Tap Login Button" library="signin_keywords">
<kw name="Tap" library="AppiumLibrary">
<arg>locator=${login_btn}</arg>
<doc>Tap element identified by ``locator``. </doc>
<status status="PASS" starttime="20220713 20:10:15.158" endtime="20220713 20:10:15.918"/>
</kw>
<status status="PASS" starttime="20220713 20:10:15.157" endtime="20220713 20:10:15.918"/>
</kw>
<status status="PASS" starttime="20220713 20:10:12.192" endtime="20220713 20:10:15.918"/>
</kw>
<kw name="Tap Search Tab" library="search_keywords">
<kw name="Tap" library="AppiumLibrary">
<arg>locator=${search_tab_btn}</arg>
<doc>Tap element identified by ``locator``. </doc>
<status status="PASS" starttime="20220713 20:10:15.920" endtime="20220713 20:10:17.885"/>
</kw>
<status status="PASS" starttime="20220713 20:10:15.919" endtime="20220713 20:10:17.886"/>
</kw>
<kw name="Verfiy Input Flight Number Appears" library="search_keywords">
<kw name="Wait Until Element Is Visible" library="AppiumLibrary">
<arg>locator=${enter_flight_text}</arg>
<doc>Waits until element specified with `locator` is visible.</doc>
<status status="PASS" starttime="20220713 20:10:17.886" endtime="20220713 20:10:19.182"/>
</kw>
<status status="PASS" starttime="20220713 20:10:17.886" endtime="20220713 20:10:19.183"/>
</kw>
<kw name="Input Flight Number" library="search_keywords">
<arg>flight_no=DA935</arg>
<kw name="Input Text" library="AppiumLibrary">
<arg>locator=${input_flight_no}</arg>
<arg>text=${flight_no}</arg>
<doc>Types the given `text` into text field identified by `locator`.</doc>
<msg timestamp="20220713 20:10:19.189" level="INFO">Typing text 'DA935' into text field 'id=com.example.myapplication:id/flight_number'</msg>
<status status="PASS" starttime="20220713 20:10:19.183" endtime="20220713 20:10:19.303"/>
</kw>
<status status="PASS" starttime="20220713 20:10:19.183" endtime="20220713 20:10:19.304"/>
</kw>
<kw name="Tap Search Button" library="search_keywords">
<kw name="Tap" library="AppiumLibrary">
<arg>locator=${search_btn}</arg>
<doc>Tap element identified by ``locator``. </doc>
<status status="PASS" starttime="20220713 20:10:19.305" endtime="20220713 20:10:20.045"/>
</kw>
<status status="PASS" starttime="20220713 20:10:19.304" endtime="20220713 20:10:20.045"/>
</kw>
<status status="PASS" starttime="20220713 20:10:12.187" endtime="20220713 20:10:20.046"/>
</test>
<test id="s1-t2" name="Verfiy users get information about flights according to flight number" line="17">
<kw name="Verify Destination Appears" library="search_keywords">
<kw name="Wait Until Element Is Visible" library="AppiumLibrary">
<arg>locator=${destination_text}</arg>
<doc>Waits until element specified with `locator` is visible.</doc>
<status status="PASS" starttime="20220713 20:10:20.053" endtime="20220713 20:10:20.989"/>
</kw>
<status status="PASS" starttime="20220713 20:10:20.052" endtime="20220713 20:10:20.990"/>
</kw>
<kw name="Verify Schedule Appears" library="search_keywords">
<kw name="Wait Until Element Is Visible" library="AppiumLibrary">
<arg>locator=${schedule_text}</arg>
<doc>Waits until element specified with `locator` is visible.</doc>
<status status="PASS" starttime="20220713 20:10:20.992" endtime="20220713 20:10:21.287"/>
</kw>
<status status="PASS" starttime="20220713 20:10:20.991" endtime="20220713 20:10:21.287"/>
</kw>
<kw name="Verify Departed Appears" library="search_keywords">
<kw name="Wait Until Element Is Visible" library="AppiumLibrary">
<arg>locator=${departed_text}</arg>
<doc>Waits until element specified with `locator` is visible.</doc>
<status status="PASS" starttime="20220713 20:10:21.289" endtime="20220713 20:10:21.491"/>
</kw>
<status status="PASS" starttime="20220713 20:10:21.288" endtime="20220713 20:10:21.491"/>
</kw>
<kw name="Verify Flight Number Appears" library="search_keywords">
<kw name="Wait Until Element Is Visible" library="AppiumLibrary">
<arg>locator=${flight_no}</arg>
<doc>Waits until element specified with `locator` is visible.</doc>
<status status="PASS" starttime="20220713 20:10:21.492" endtime="20220713 20:10:21.684"/>
</kw>
<status status="PASS" starttime="20220713 20:10:21.491" endtime="20220713 20:10:21.685"/>
</kw>
<kw name="Verify Schedule Value Appears" library="search_keywords">
<kw name="Wait Until Element Is Visible" library="AppiumLibrary">
<arg>locator=${schedule_value}</arg>
<doc>Waits until element specified with `locator` is visible.</doc>
<status status="PASS" starttime="20220713 20:10:21.685" endtime="20220713 20:10:21.981"/>
</kw>
<status status="PASS" starttime="20220713 20:10:21.685" endtime="20220713 20:10:21.982"/>
</kw>
<kw name="Verify Departed Value Appears" library="search_keywords">
<kw name="Wait Until Element Is Visible" library="AppiumLibrary">
<arg>locator=${departed_value}</arg>
<doc>Waits until element specified with `locator` is visible.</doc>
<status status="PASS" starttime="20220713 20:10:21.983" endtime="20220713 20:10:22.355"/>
</kw>
<status status="PASS" starttime="20220713 20:10:21.982" endtime="20220713 20:10:22.355"/>
</kw>
<status status="PASS" starttime="20220713 20:10:20.047" endtime="20220713 20:10:22.356"/>
</test>
<kw name="Close Application" library="AppiumLibrary" type="TEARDOWN">
<doc>Closes the current application and also close webdriver session.</doc>
<status status="PASS" starttime="20220713 20:10:22.358" endtime="20220713 20:10:25.589"/>
</kw>
<status status="PASS" starttime="20220713 20:10:00.726" endtime="20220713 20:10:25.589"/>
</suite>
<statistics>
<total>
<stat pass="2" fail="0" skip="0">All Tests</stat>
</total>
<tag>
</tag>
<suite>
<stat pass="2" fail="0" skip="0" id="s1" name="SearchFlight">SearchFlight</stat>
</suite>
</statistics>
<errors>
</errors>
</robot>
