<?xml version="1.0" encoding="UTF-8"?>
<robot generator="Robot 5.0.1 (Python 3.10.4 on linux)" generated="20220714 21:19:19.931" rpa="false" schemaversion="3">
<suite id="s1" name="SearchFlight" source="/home/cecep/Developments/dojobox/FlightAppMobile/test_suites/SearchFlight.robot">
<kw name="Run Keywords" library="BuiltIn" type="SETUP">
<arg>base.Open App</arg>
<arg>AND</arg>
<arg>User Login With Valid Data</arg>
<doc>Executes all the given keywords in a sequence.</doc>
<kw name="Open App" library="base">
<kw name="Open Application" library="AppiumLibrary">
<arg>${URL}</arg>
<arg>platformName=${PLATFORM}</arg>
<arg>platformVersion=${PLATFORM_VERSION}</arg>
<arg>deviceName=${DEVICE}</arg>
<arg>automationName=UiAutomator2</arg>
<arg>newCommandTimeOut=2500</arg>
<arg>appActivity=${ACTIVITY}</arg>
<arg>appPackage=${PACKAGE}</arg>
<doc>Opens a new application to given Appium server.
Capabilities of appium server, Android and iOS,
Please check https://github.com/appium/appium/blob/master/docs/en/writing-running-appium/server-args.md
| *Option*            | *Man.* | *Description*     |
| remote_url          | Yes    | Appium server url |
| alias               | no     | alias             |</doc>
<status status="PASS" starttime="20220714 21:19:20.092" endtime="20220714 21:19:28.411"/>
</kw>
<status status="PASS" starttime="20220714 21:19:20.090" endtime="20220714 21:19:28.411"/>
</kw>
<kw name="User Login With Valid Data" library="signin_keywords">
<kw name="Wait Until Element Is Visible" library="AppiumLibrary">
<arg>locator=${sign_in_btn}</arg>
<doc>Waits until element specified with `locator` is visible.</doc>
<status status="PASS" starttime="20220714 21:19:28.416" endtime="20220714 21:19:28.814"/>
</kw>
<kw name="Tap" library="AppiumLibrary">
<arg>locator=${sign_in_btn}</arg>
<doc>Tap element identified by ``locator``. </doc>
<status status="PASS" starttime="20220714 21:19:28.814" endtime="20220714 21:19:29.117"/>
</kw>
<kw name="Wait Until Element Is Visible" library="AppiumLibrary">
<arg>locator=${input_username}</arg>
<doc>Waits until element specified with `locator` is visible.</doc>
<status status="PASS" starttime="20220714 21:19:29.117" endtime="20220714 21:19:30.008"/>
</kw>
<kw name="Wait Until Element Is Visible" library="AppiumLibrary">
<arg>locator=${input_password}</arg>
<doc>Waits until element specified with `locator` is visible.</doc>
<status status="PASS" starttime="20220714 21:19:30.009" endtime="20220714 21:19:30.074"/>
</kw>
<kw name="Input Text" library="AppiumLibrary">
<arg>locator=${input_username}</arg>
<arg>text=support@ngendigital.com</arg>
<doc>Types the given `text` into text field identified by `locator`.</doc>
<msg timestamp="20220714 21:19:30.077" level="INFO">Typing text 'support@ngendigital.com' into text field 'id=com.example.myapplication:id/username'</msg>
<status status="PASS" starttime="20220714 21:19:30.074" endtime="20220714 21:19:30.164"/>
</kw>
<kw name="Input Text" library="AppiumLibrary">
<arg>locator=${input_password}</arg>
<arg>text=abc123</arg>
<doc>Types the given `text` into text field identified by `locator`.</doc>
<msg timestamp="20220714 21:19:30.169" level="INFO">Typing text 'abc123' into text field 'id=com.example.myapplication:id/password'</msg>
<status status="PASS" starttime="20220714 21:19:30.164" endtime="20220714 21:19:30.733"/>
</kw>
<kw name="Tap" library="AppiumLibrary">
<arg>locator=${login_btn}</arg>
<doc>Tap element identified by ``locator``. </doc>
<status status="PASS" starttime="20220714 21:19:30.733" endtime="20220714 21:19:31.445"/>
</kw>
<status status="PASS" starttime="20220714 21:19:28.415" endtime="20220714 21:19:31.445"/>
</kw>
<status status="PASS" starttime="20220714 21:19:20.090" endtime="20220714 21:19:31.445"/>
</kw>
<test id="s1-t1" name="User Should Be Able Search Flight Number" line="12">
<kw name="Tap Search Tab">
<msg timestamp="20220714 21:19:31.455" level="FAIL">No keyword with name 'Tap Search Tab' found. Did you try using keyword 'AppiumLibrary.Tap' and forgot to use enough whitespace between keyword and arguments?</msg>
<status status="FAIL" starttime="20220714 21:19:31.455" endtime="20220714 21:19:31.455"/>
</kw>
<kw name="Verfiy Input Flight Number Appears">
<status status="NOT RUN" starttime="20220714 21:19:31.464" endtime="20220714 21:19:31.464"/>
</kw>
<kw name="Input Flight Number">
<arg>flight_no=DA935</arg>
<status status="NOT RUN" starttime="20220714 21:19:31.471" endtime="20220714 21:19:31.471"/>
</kw>
<kw name="Tap Search Button">
<status status="NOT RUN" starttime="20220714 21:19:31.479" endtime="20220714 21:19:31.479"/>
</kw>
<status status="FAIL" starttime="20220714 21:19:31.446" endtime="20220714 21:19:31.480">No keyword with name 'Tap Search Tab' found. Did you try using keyword 'AppiumLibrary.Tap' and forgot to use enough whitespace between keyword and arguments?</status>
</test>
<test id="s1-t2" name="Verfiy users get information about flights according to flight number" line="19">
<kw name="Verify Destination Appears">
<msg timestamp="20220714 21:19:31.490" level="FAIL">No keyword with name 'Verify Destination Appears' found.</msg>
<status status="FAIL" starttime="20220714 21:19:31.490" endtime="20220714 21:19:31.490"/>
</kw>
<kw name="Verify Schedule Appears">
<status status="NOT RUN" starttime="20220714 21:19:31.498" endtime="20220714 21:19:31.498"/>
</kw>
<kw name="Verify Departed Appears">
<status status="NOT RUN" starttime="20220714 21:19:31.512" endtime="20220714 21:19:31.512"/>
</kw>
<kw name="Verify Flight Number Appears">
<status status="NOT RUN" starttime="20220714 21:19:31.521" endtime="20220714 21:19:31.521"/>
</kw>
<kw name="Verify Schedule Value Appears">
<status status="NOT RUN" starttime="20220714 21:19:31.530" endtime="20220714 21:19:31.530"/>
</kw>
<kw name="Verify Departed Value Appears">
<status status="NOT RUN" starttime="20220714 21:19:31.539" endtime="20220714 21:19:31.539"/>
</kw>
<status status="FAIL" starttime="20220714 21:19:31.481" endtime="20220714 21:19:31.541">No keyword with name 'Verify Destination Appears' found.</status>
</test>
<kw name="Close Application" library="AppiumLibrary" type="TEARDOWN">
<doc>Closes the current application and also close webdriver session.</doc>
<status status="PASS" starttime="20220714 21:19:31.548" endtime="20220714 21:19:32.510"/>
</kw>
<status status="FAIL" starttime="20220714 21:19:19.932" endtime="20220714 21:19:32.510"/>
</suite>
<statistics>
<total>
<stat pass="0" fail="2" skip="0">All Tests</stat>
</total>
<tag>
</tag>
<suite>
<stat pass="0" fail="2" skip="0" id="s1" name="SearchFlight">SearchFlight</stat>
</suite>
</statistics>
<errors>
</errors>
</robot>
