<?xml version="1.0" encoding="UTF-8"?>
<robot generator="Robot 5.0.1 (Python 3.10.4 on linux)" generated="20220714 15:48:27.555" rpa="false" schemaversion="3">
<suite id="s1" name="HomeScreen" source="/home/cecep/Developments/dojobox/FlightAppMobile/test_suites/HomeScreen.robot">
<test id="s1-t1" name="User Should See Home Screen" line="8">
<kw name="Open App" library="base" type="SETUP">
<kw name="Open Application" library="AppiumLibrary">
<arg>${URL}</arg>
<arg>platformName=${PLATFORM}</arg>
<arg>platformVersion=${PLATFORM_VERSION}</arg>
<arg>deviceName=${DEVICE}</arg>
<arg>automationName=UiAutomator2</arg>
<arg>newCommandTimeOut=2500</arg>
<arg>appActivity=${ACTIVITY}</arg>
<arg>appPackage=${PACKAGE}</arg>
<doc>Opens a new application to given Appium server.
Capabilities of appium server, Android and iOS,
Please check https://github.com/appium/appium/blob/master/docs/en/writing-running-appium/server-args.md
| *Option*            | *Man.* | *Description*     |
| remote_url          | Yes    | Appium server url |
| alias               | no     | alias             |</doc>
<status status="PASS" starttime="20220714 15:48:27.723" endtime="20220714 15:48:39.320"/>
</kw>
<status status="PASS" starttime="20220714 15:48:27.723" endtime="20220714 15:48:39.321"/>
</kw>
<kw name="Verify Logo" library="homescreen_keywords">
<kw name="Element Should Be Visible" library="AppiumLibrary">
<arg>${logo}</arg>
<doc>Verifies that element identified with locator is visible.</doc>
<status status="PASS" starttime="20220714 15:48:39.327" endtime="20220714 15:48:39.735"/>
</kw>
<status status="PASS" starttime="20220714 15:48:39.326" endtime="20220714 15:48:39.735"/>
</kw>
<kw name="Verify sign in button" library="homescreen_keywords">
<kw name="Element Should Be Visible" library="AppiumLibrary">
<arg>${sign_in_btn}</arg>
<doc>Verifies that element identified with locator is visible.</doc>
<status status="PASS" starttime="20220714 15:48:39.735" endtime="20220714 15:48:39.862"/>
</kw>
<status status="PASS" starttime="20220714 15:48:39.735" endtime="20220714 15:48:39.863"/>
</kw>
<kw name="Verify book button" library="homescreen_keywords">
<kw name="Element Should Be Visible" library="AppiumLibrary">
<arg>${book_btn}</arg>
<doc>Verifies that element identified with locator is visible.</doc>
<status status="PASS" starttime="20220714 15:48:39.863" endtime="20220714 15:48:39.939"/>
</kw>
<status status="PASS" starttime="20220714 15:48:39.863" endtime="20220714 15:48:39.940"/>
</kw>
<kw name="Verify search button" library="homescreen_keywords">
<kw name="Element Should Be Visible" library="AppiumLibrary">
<arg>${search_btn}</arg>
<doc>Verifies that element identified with locator is visible.</doc>
<status status="PASS" starttime="20220714 15:48:39.941" endtime="20220714 15:48:40.024"/>
</kw>
<status status="PASS" starttime="20220714 15:48:39.940" endtime="20220714 15:48:40.025"/>
</kw>
<kw name="Verify check in button" library="homescreen_keywords">
<kw name="Element Should Be Visible" library="AppiumLibrary">
<arg>${checkIn_btn}</arg>
<doc>Verifies that element identified with locator is visible.</doc>
<status status="PASS" starttime="20220714 15:48:40.026" endtime="20220714 15:48:40.559"/>
</kw>
<status status="PASS" starttime="20220714 15:48:40.025" endtime="20220714 15:48:40.559"/>
</kw>
<kw name="Verify image home screen" library="homescreen_keywords">
<kw name="Element Should Be Visible" library="AppiumLibrary">
<arg>${home_image}</arg>
<doc>Verifies that element identified with locator is visible.</doc>
<status status="PASS" starttime="20220714 15:48:40.560" endtime="20220714 15:48:40.620"/>
</kw>
<status status="PASS" starttime="20220714 15:48:40.560" endtime="20220714 15:48:40.620"/>
</kw>
<kw name="Close Application" library="AppiumLibrary" type="TEARDOWN">
<doc>Closes the current application and also close webdriver session.</doc>
<status status="PASS" starttime="20220714 15:48:40.621" endtime="20220714 15:48:41.210"/>
</kw>
<status status="PASS" starttime="20220714 15:48:27.721" endtime="20220714 15:48:41.211"/>
</test>
<status status="PASS" starttime="20220714 15:48:27.557" endtime="20220714 15:48:41.211"/>
</suite>
<statistics>
<total>
<stat pass="1" fail="0" skip="0">All Tests</stat>
</total>
<tag>
</tag>
<suite>
<stat pass="1" fail="0" skip="0" id="s1" name="HomeScreen">HomeScreen</stat>
</suite>
</statistics>
<errors>
</errors>
</robot>
