<?xml version="1.0" encoding="UTF-8"?>
<robot generator="Robot 5.0.1 (Python 3.10.4 on linux)" generated="20220713 20:09:07.551" rpa="false" schemaversion="3">
<suite id="s1" name="SignIn" source="/home/cecep/Developments/dojobox/FlightAppMobile/test_suites/SignIn.robot">
<kw name="Open App" library="base" type="SETUP">
<kw name="Open Application" library="AppiumLibrary">
<arg>${URL}</arg>
<arg>platformName=${PLATFORM}</arg>
<arg>platformVersion=${PLATFORM_VERSION}</arg>
<arg>deviceName=${DEVICE}</arg>
<arg>automationName=UiAutomator2</arg>
<arg>newCommandTimeOut=2500</arg>
<arg>appActivity=${ACTIVITY}</arg>
<arg>appPackage=${PACKAGE}</arg>
<doc>Opens a new application to given Appium server.
Capabilities of appium server, Android and iOS,
Please check https://github.com/appium/appium/blob/master/docs/en/writing-running-appium/server-args.md
| *Option*            | *Man.* | *Description*     |
| remote_url          | Yes    | Appium server url |
| alias               | no     | alias             |</doc>
<status status="PASS" starttime="20220713 20:09:07.749" endtime="20220713 20:09:16.698"/>
</kw>
<status status="PASS" starttime="20220713 20:09:07.748" endtime="20220713 20:09:16.699"/>
</kw>
<test id="s1-t1" name="Verify Sign In Button On HomeScreen" line="9">
<kw name="Verify Sign In Button Appears" library="signin_keywords">
<kw name="Wait Until Element Is Visible" library="AppiumLibrary">
<arg>locator=${sign_in_btn}</arg>
<doc>Waits until element specified with `locator` is visible.</doc>
<status status="PASS" starttime="20220713 20:09:16.702" endtime="20220713 20:09:16.926"/>
</kw>
<status status="PASS" starttime="20220713 20:09:16.701" endtime="20220713 20:09:16.927"/>
</kw>
<kw name="Tap Sign In Button" library="signin_keywords">
<kw name="Tap" library="AppiumLibrary">
<arg>locator=${sign_in_btn}</arg>
<doc>Tap element identified by ``locator``. </doc>
<status status="PASS" starttime="20220713 20:09:16.928" endtime="20220713 20:09:17.328"/>
</kw>
<status status="PASS" starttime="20220713 20:09:16.927" endtime="20220713 20:09:17.328"/>
</kw>
<status status="PASS" starttime="20220713 20:09:16.699" endtime="20220713 20:09:17.329"/>
</test>
<test id="s1-t2" name="Verify Sign In Screen" line="13">
<kw name="Verify Input Username Appears" library="signin_keywords">
<kw name="Wait Until Element Is Visible" library="AppiumLibrary">
<arg>locator=${input_username}</arg>
<doc>Waits until element specified with `locator` is visible.</doc>
<status status="PASS" starttime="20220713 20:09:17.334" endtime="20220713 20:09:18.500"/>
</kw>
<status status="PASS" starttime="20220713 20:09:17.333" endtime="20220713 20:09:18.500"/>
</kw>
<kw name="Verify Input Password Appears" library="signin_keywords">
<kw name="Wait Until Element Is Visible" library="AppiumLibrary">
<arg>locator=${input_password}</arg>
<doc>Waits until element specified with `locator` is visible.</doc>
<status status="PASS" starttime="20220713 20:09:18.502" endtime="20220713 20:09:18.620"/>
</kw>
<status status="PASS" starttime="20220713 20:09:18.501" endtime="20220713 20:09:18.621"/>
</kw>
<status status="PASS" starttime="20220713 20:09:17.331" endtime="20220713 20:09:18.621"/>
</test>
<test id="s1-t3" name="User can sign in" line="17">
<kw name="Input Username" library="signin_keywords">
<arg>username=support@ngendigital.com</arg>
<kw name="Input Text" library="AppiumLibrary">
<arg>locator=${input_username}</arg>
<arg>text=${username}</arg>
<doc>Types the given `text` into text field identified by `locator`.</doc>
<msg timestamp="20220713 20:09:18.635" level="INFO">Typing text 'support@ngendigital.com' into text field 'id=com.example.myapplication:id/username'</msg>
<status status="PASS" starttime="20220713 20:09:18.626" endtime="20220713 20:09:18.775"/>
</kw>
<status status="PASS" starttime="20220713 20:09:18.623" endtime="20220713 20:09:18.776"/>
</kw>
<kw name="Input Password" library="signin_keywords">
<arg>password=abc123</arg>
<kw name="Input Text" library="AppiumLibrary">
<arg>locator=${input_password}</arg>
<arg>text=${password}</arg>
<doc>Types the given `text` into text field identified by `locator`.</doc>
<msg timestamp="20220713 20:09:18.788" level="INFO">Typing text 'abc123' into text field 'id=com.example.myapplication:id/password'</msg>
<status status="PASS" starttime="20220713 20:09:18.777" endtime="20220713 20:09:19.333"/>
</kw>
<status status="PASS" starttime="20220713 20:09:18.776" endtime="20220713 20:09:19.334"/>
</kw>
<kw name="Tap Login Button" library="signin_keywords">
<kw name="Tap" library="AppiumLibrary">
<arg>locator=${login_btn}</arg>
<doc>Tap element identified by ``locator``. </doc>
<status status="PASS" starttime="20220713 20:09:19.335" endtime="20220713 20:09:20.041"/>
</kw>
<status status="PASS" starttime="20220713 20:09:19.334" endtime="20220713 20:09:20.041"/>
</kw>
<status status="PASS" starttime="20220713 20:09:18.622" endtime="20220713 20:09:20.042"/>
</test>
<test id="s1-t4" name="Veriy User has been logged" line="22">
<kw name="Verify Logout Button Appears" library="signin_keywords">
<kw name="Wait Until Element Is Visible" library="AppiumLibrary">
<arg>locator=${sign_in_btn}</arg>
<doc>Waits until element specified with `locator` is visible.</doc>
<status status="PASS" starttime="20220713 20:09:20.046" endtime="20220713 20:09:20.888"/>
</kw>
<status status="PASS" starttime="20220713 20:09:20.045" endtime="20220713 20:09:20.888"/>
</kw>
<kw name="Verify Ngen Digital Text Appears" library="signin_keywords">
<kw name="Wait Until Element Is Visible" library="AppiumLibrary">
<arg>locator=${text_ngendigital}</arg>
<doc>Waits until element specified with `locator` is visible.</doc>
<status status="PASS" starttime="20220713 20:09:20.889" endtime="20220713 20:09:20.961"/>
</kw>
<status status="PASS" starttime="20220713 20:09:20.888" endtime="20220713 20:09:20.962"/>
</kw>
<status status="PASS" starttime="20220713 20:09:20.043" endtime="20220713 20:09:20.962"/>
</test>
<kw name="Close Application" library="AppiumLibrary" type="TEARDOWN">
<doc>Closes the current application and also close webdriver session.</doc>
<status status="PASS" starttime="20220713 20:09:20.965" endtime="20220713 20:09:22.190"/>
</kw>
<status status="PASS" starttime="20220713 20:09:07.552" endtime="20220713 20:09:22.191"/>
</suite>
<statistics>
<total>
<stat pass="4" fail="0" skip="0">All Tests</stat>
</total>
<tag>
</tag>
<suite>
<stat pass="4" fail="0" skip="0" id="s1" name="SignIn">SignIn</stat>
</suite>
</statistics>
<errors>
</errors>
</robot>
